0 silly argv {
0 silly argv   _: [ 'publish' ],
0 silly argv   composed: 'publish',
0 silly argv   lernaVersion: '4.0.0',
0 silly argv   '$0': 'C:\\Users\\Lenovo\\AppData\\Roaming\\npm\\node_modules\\lerna\\cli.js',
0 silly argv   bump: 'from-git'
0 silly argv }
1 notice cli v4.0.0
2 verbose rootPath D:\HZX_PROJECT\lerna
3 info versioning independent
4 verbose session d2ceb3417340e438
5 verbose user-agent lerna/4.0.0/node@v12.16.0+x64 (win32)
6 verbose git-describe undefined => "@all/utils-release@0.1.6-0-g2587251"
7 silly git-describe parsed => {"lastTagName":"@all/utils-release@0.1.6","lastVersion":"0.1.6","refCount":"0","sha":"2587251","isDirty":false}
8 silly getCurrentTags matching "*@*"
9 info publish Publishing packages to npm...
10 notice Skipping all user and access validation due to third-party registry
11 notice Make sure you're authenticated properly ¯\_(ツ)_/¯
12 silly getCurrentSHA
13 verbose getCurrentSHA 2587251539e432c4d2c331756839ec8a1a30e006
14 silly lifecycle No script for "prepublish" in "@all/utils", continuing
15 silly lifecycle No script for "prepare" in "@all/utils", continuing
16 silly lifecycle No script for "prepublishOnly" in "@all/utils", continuing
17 silly lifecycle No script for "prepack" in "@all/utils", continuing
18 verbose pack-directory packages\release
19 silly lifecycle No script for "prepublish" in "@all/utils-release", continuing
20 silly lifecycle No script for "prepare" in "@all/utils-release", continuing
21 silly lifecycle No script for "prepublishOnly" in "@all/utils-release", continuing
22 silly lifecycle No script for "prepack" in "@all/utils-release", continuing
23 silly lifecycle No script for "postpack" in "@all/utils-release", continuing
24 verbose packed packages\release
25 silly lifecycle No script for "postpack" in "@all/utils", continuing
26 verbose publish @all/utils-release
27 silly FetchError: request to http://registry.npm.taobao.org/@all%2futils-release failed, reason: connect ETIMEDOUT 183.57.82.162:80
27 silly     at ClientRequest.<anonymous> (D:\HZX_PROJECT\lerna\node_modules\minipass-fetch\lib\index.js:97:14)
27 silly     at ClientRequest.emit (events.js:321:20)
27 silly     at Socket.socketErrorListener (_http_client.js:426:9)
27 silly     at Socket.emit (events.js:333:22)
27 silly     at emitErrorNT (internal/streams/destroy.js:92:8)
27 silly     at emitErrorAndCloseNT (internal/streams/destroy.js:60:3)
27 silly     at processTicksAndRejections (internal/process/task_queues.js:84:21)
27 silly  FetchError: request to http://registry.npm.taobao.org/@all%2futils-release failed, reason: connect ETIMEDOUT 183.57.82.162:80
27 silly     at ClientRequest.<anonymous> (D:\HZX_PROJECT\lerna\node_modules\minipass-fetch\lib\index.js:97:14)
27 silly     at ClientRequest.emit (events.js:321:20)
27 silly     at Socket.socketErrorListener (_http_client.js:426:9)
27 silly     at Socket.emit (events.js:333:22)
27 silly     at emitErrorNT (internal/streams/destroy.js:92:8)
27 silly     at emitErrorAndCloseNT (internal/streams/destroy.js:60:3)
27 silly     at processTicksAndRejections (internal/process/task_queues.js:84:21) {
27 silly   stack: 'FetchError: request to http://registry.npm.taobao.org/@all%2futils-release failed, reason: connect ETIMEDOUT 183.57.82.162:80\n' +
27 silly     '    at ClientRequest.<anonymous> (D:\\HZX_PROJECT\\lerna\\node_modules\\minipass-fetch\\lib\\index.js:97:14)\n' +
27 silly     '    at ClientRequest.emit (events.js:321:20)\n' +
27 silly     '    at Socket.socketErrorListener (_http_client.js:426:9)\n' +
27 silly     '    at Socket.emit (events.js:333:22)\n' +
27 silly     '    at emitErrorNT (internal/streams/destroy.js:92:8)\n' +
27 silly     '    at emitErrorAndCloseNT (internal/streams/destroy.js:60:3)\n' +
27 silly     '    at processTicksAndRejections (internal/process/task_queues.js:84:21)',
27 silly   code: 'ETIMEDOUT',
27 silly   errno: 'ETIMEDOUT',
27 silly   syscall: 'connect',
27 silly   address: '183.57.82.162',
27 silly   port: 80,
27 silly   type: 'system'
27 silly }
28 error ETIMEDOUT request to http://registry.npm.taobao.org/@all%2futils-release failed, reason: connect ETIMEDOUT 183.57.82.162:80
29 error FetchError: request to http://registry.npm.taobao.org/@all%2futils-release failed, reason: connect ETIMEDOUT 183.57.82.162:80
29 error     at ClientRequest.<anonymous> (D:\HZX_PROJECT\lerna\node_modules\minipass-fetch\lib\index.js:97:14)
29 error     at ClientRequest.emit (events.js:321:20)
29 error     at Socket.socketErrorListener (_http_client.js:426:9)
29 error     at Socket.emit (events.js:333:22)
29 error     at emitErrorNT (internal/streams/destroy.js:92:8)
29 error     at emitErrorAndCloseNT (internal/streams/destroy.js:60:3)
